<?xml version="1.0" encoding="UTF-8"?>
<!-- Generated by org.testng.reporters.JUnitXMLReporter -->
<testsuite ignored="3" hostname="XD-KUMARAR-CNT" failures="0" tests="1" name="Default test" time="3.412" errors="0" timestamp="2024-05-23T19:14:59 IST">
  <testcase classname="test.Pad" name="PAR_Order_Creation" time="3.376"/>
  <testcase classname="test.Pad" name="DFD_Order_Creation" time="0.0">
    <ignored/>
  </testcase> <!-- DFD_Order_Creation -->
  <testcase classname="test.Pad" name="PAD_Automated_Case_Creation" time="0.0">
    <ignored/>
  </testcase> <!-- PAD_Automated_Case_Creation -->
  <testcase classname="test.Pad" name="PAD_Order_Creation" time="0.0">
    <ignored/>
  </testcase> <!-- PAD_Order_Creation -->
</testsuite> <!-- Default test -->
