<?xml version="1.0" encoding="UTF-8"?>
<testng-results ignored="3" total="4" passed="1" failed="0" skipped="0">
  <reporter-output>
  </reporter-output>
  <suite started-at="2024-05-23T19:14:55 IST" name="Default suite" finished-at="2024-05-23T19:14:59 IST" duration-ms="3412">
    <groups>
    </groups>
    <test started-at="2024-05-23T19:14:55 IST" name="Default test" finished-at="2024-05-23T19:14:59 IST" duration-ms="3412">
      <class name="test.Pad">
        <test-method signature="PAR_Order_Creation()[pri:0, instance:test.Pad@771a660]" started-at="2024-05-23T19:14:55 IST" name="PAR_Order_Creation" finished-at="2024-05-23T19:14:59 IST" duration-ms="3376" status="PASS">
          <reporter-output>
          </reporter-output>
        </test-method> <!-- PAR_Order_Creation -->
      </class> <!-- test.Pad -->
    </test> <!-- Default test -->
  </suite> <!-- Default suite -->
</testng-results>
